<?xml version="1.0" encoding="UTF-8"?>
<testng-results skipped="0" failed="0" ignored="0" total="1" passed="1">
  <reporter-output>
  </reporter-output>
  <suite name="Default suite" duration-ms="19401" started-at="2022-06-09T02:42:52Z" finished-at="2022-06-09T02:43:11Z">
    <groups>
    </groups>
    <test name="Default test" duration-ms="19401" started-at="2022-06-09T02:42:52Z" finished-at="2022-06-09T02:43:11Z">
      <class name="IPTV_new.CRM.Login">
        <test-method status="PASS" signature="login()[pri:0, instance:IPTV_new.CRM.Login@6fc6f14e]" name="login" duration-ms="19349" started-at="2022-06-09T02:42:52Z" finished-at="2022-06-09T02:43:11Z">
          <reporter-output>
          </reporter-output>
        </test-method> <!-- login -->
      </class> <!-- IPTV_new.CRM.Login -->
    </test> <!-- Default test -->
  </suite> <!-- Default suite -->
</testng-results>
